Base path: C:/Program Files/Unity/Editor/Data
Pipe name: \\.\pipe\UnityShaderCompiler-64bit-2-4624
Cmd: getPlatforms
Cmd: compileSnippet
  api=4 type=0 insize=797 outsize=3776 kw=SHADOWS_DEPTH ok=1
Cmd: compileSnippet
  api=4 type=1 insize=797 outsize=908 kw=SHADOWS_DEPTH ok=1
Cmd: compileSnippet
  api=4 type=0 insize=7562 outsize=4719 kw=DIRECTIONAL SHADOWS_OFF LIGHTMAP_OFF DIRLIGHTMAP_OFF DYNAMICLIGHTMAP_OFF ok=1
Cmd: compileSnippet
  api=4 type=1 insize=7562 outsize=3654 kw=DIRECTIONAL SHADOWS_OFF LIGHTMAP_OFF DIRLIGHTMAP_OFF DYNAMICLIGHTMAP_OFF ok=1
Cmd: compileSnippet
  api=4 type=0 insize=4944 outsize=3955 kw=DIRECTIONAL ok=1
Cmd: compileSnippet
  api=4 type=1 insize=4944 outsize=3086 kw=DIRECTIONAL ok=1
Cmd: compileSnippet
  api=4 type=0 insize=7817 outsize=4881 kw=DIRECTIONAL SHADOWS_OFF LIGHTMAP_OFF DIRLIGHTMAP_OFF DYNAMICLIGHTMAP_OFF ok=1
Cmd: compileSnippet
  api=4 type=1 insize=7817 outsize=3752 kw=DIRECTIONAL SHADOWS_OFF LIGHTMAP_OFF DIRLIGHTMAP_OFF DYNAMICLIGHTMAP_OFF ok=1
Cmd: compileSnippet
  api=4 type=0 insize=4993 outsize=3955 kw=DIRECTIONAL ok=1
Cmd: compileSnippet
  api=4 type=1 insize=4993 outsize=2907 kw=DIRECTIONAL ok=1
